[12-Jun-2020 06:04:16 UTC] PHP Notice:  Undefined variable: i in /opt/lampp/htdocs/advancetax/wp-content/themes/gourmet-artistry/template-parts/slider-entries.php on line 5
[12-Jun-2020 06:04:16 UTC] PHP Notice:  Undefined variable: i in /opt/lampp/htdocs/advancetax/wp-content/themes/gourmet-artistry/template-parts/slider-entries.php on line 8
[12-Jun-2020 06:04:16 UTC] PHP Notice:  Undefined variable: i in /opt/lampp/htdocs/advancetax/wp-content/themes/gourmet-artistry/template-parts/slider-entries.php on line 18
[12-Jun-2020 06:30:49 UTC] PHP Fatal error:  Uncaught Error: Object of class WP_Error could not be converted to string in /opt/lampp/htdocs/advancetax/wp-content/themes/gourmet-artistry/template-parts/content.php:44
Stack trace:
#0 /opt/lampp/htdocs/advancetax/wp-includes/template.php(725): require()
#1 /opt/lampp/htdocs/advancetax/wp-includes/template.php(672): load_template('/opt/lampp/htdo...', false)
#2 /opt/lampp/htdocs/advancetax/wp-includes/general-template.php(168): locate_template(Array, true, false)
#3 /opt/lampp/htdocs/advancetax/wp-content/themes/gourmet-artistry/single.php(19): get_template_part('template-parts/...', '')
#4 /opt/lampp/htdocs/advancetax/wp-includes/template-loader.php(106): include('/opt/lampp/htdo...')
#5 /opt/lampp/htdocs/advancetax/wp-blog-header.php(19): require_once('/opt/lampp/htdo...')
#6 /opt/lampp/htdocs/advancetax/index.php(17): require('/opt/lampp/htdo...')
#7 {main}
  thrown in /opt/lampp/htdocs/advancetax/wp-content/themes/gourmet-artistry/template-parts/content.php on line 44
[12-Jun-2020 06:30:54 UTC] PHP Fatal error:  Uncaught Error: Object of class WP_Error could not be converted to string in /opt/lampp/htdocs/advancetax/wp-content/themes/gourmet-artistry/template-parts/content.php:44
Stack trace:
#0 /opt/lampp/htdocs/advancetax/wp-includes/template.php(725): require()
#1 /opt/lampp/htdocs/advancetax/wp-includes/template.php(672): load_template('/opt/lampp/htdo...', false)
#2 /opt/lampp/htdocs/advancetax/wp-includes/general-template.php(168): locate_template(Array, true, false)
#3 /opt/lampp/htdocs/advancetax/wp-content/themes/gourmet-artistry/category.php(35): get_template_part('template-parts/...', '')
#4 /opt/lampp/htdocs/advancetax/wp-includes/template-loader.php(106): include('/opt/lampp/htdo...')
#5 /opt/lampp/htdocs/advancetax/wp-blog-header.php(19): require_once('/opt/lampp/htdo...')
#6 /opt/lampp/htdocs/advancetax/index.php(17): require('/opt/lampp/htdo...')
#7 {main}
  thrown in /opt/lampp/htdocs/advancetax/wp-content/themes/gourmet-artistry/template-parts/content.php on line 44
[12-Jun-2020 06:31:06 UTC] PHP Fatal error:  Uncaught Error: Object of class WP_Error could not be converted to string in /opt/lampp/htdocs/advancetax/wp-content/themes/gourmet-artistry/template-parts/content.php:44
Stack trace:
#0 /opt/lampp/htdocs/advancetax/wp-includes/template.php(725): require()
#1 /opt/lampp/htdocs/advancetax/wp-includes/template.php(672): load_template('/opt/lampp/htdo...', false)
#2 /opt/lampp/htdocs/advancetax/wp-includes/general-template.php(168): locate_template(Array, true, false)
#3 /opt/lampp/htdocs/advancetax/wp-content/themes/gourmet-artistry/archive.php(35): get_template_part('template-parts/...', '')
#4 /opt/lampp/htdocs/advancetax/wp-includes/template-loader.php(106): include('/opt/lampp/htdo...')
#5 /opt/lampp/htdocs/advancetax/wp-blog-header.php(19): require_once('/opt/lampp/htdo...')
#6 /opt/lampp/htdocs/advancetax/index.php(17): require('/opt/lampp/htdo...')
#7 {main}
  thrown in /opt/lampp/htdocs/advancetax/wp-content/themes/gourmet-artistry/template-parts/content.php on line 44
[12-Jun-2020 06:31:13 UTC] PHP Fatal error:  Uncaught Error: Object of class WP_Error could not be converted to string in /opt/lampp/htdocs/advancetax/wp-content/themes/gourmet-artistry/template-parts/content.php:44
Stack trace:
#0 /opt/lampp/htdocs/advancetax/wp-includes/template.php(725): require()
#1 /opt/lampp/htdocs/advancetax/wp-includes/template.php(672): load_template('/opt/lampp/htdo...', false)
#2 /opt/lampp/htdocs/advancetax/wp-includes/general-template.php(168): locate_template(Array, true, false)
#3 /opt/lampp/htdocs/advancetax/wp-content/themes/gourmet-artistry/single-recipe.php(20): get_template_part('template-parts/...', '')
#4 /opt/lampp/htdocs/advancetax/wp-includes/template-loader.php(106): include('/opt/lampp/htdo...')
#5 /opt/lampp/htdocs/advancetax/wp-blog-header.php(19): require_once('/opt/lampp/htdo...')
#6 /opt/lampp/htdocs/advancetax/index.php(17): require('/opt/lampp/htdo...')
#7 {main}
  thrown in /opt/lampp/htdocs/advancetax/wp-content/themes/gourmet-artistry/template-parts/content.php on line 44
[12-Jun-2020 06:31:23 UTC] PHP Fatal error:  Uncaught Error: Object of class WP_Error could not be converted to string in /opt/lampp/htdocs/advancetax/wp-content/themes/gourmet-artistry/template-parts/content.php:44
Stack trace:
#0 /opt/lampp/htdocs/advancetax/wp-includes/template.php(725): require()
#1 /opt/lampp/htdocs/advancetax/wp-includes/template.php(672): load_template('/opt/lampp/htdo...', false)
#2 /opt/lampp/htdocs/advancetax/wp-includes/general-template.php(168): locate_template(Array, true, false)
#3 /opt/lampp/htdocs/advancetax/wp-content/themes/gourmet-artistry/single-recipe.php(20): get_template_part('template-parts/...', '')
#4 /opt/lampp/htdocs/advancetax/wp-includes/template-loader.php(106): include('/opt/lampp/htdo...')
#5 /opt/lampp/htdocs/advancetax/wp-blog-header.php(19): require_once('/opt/lampp/htdo...')
#6 /opt/lampp/htdocs/advancetax/index.php(17): require('/opt/lampp/htdo...')
#7 {main}
  thrown in /opt/lampp/htdocs/advancetax/wp-content/themes/gourmet-artistry/template-parts/content.php on line 44
[12-Jun-2020 06:35:41 UTC] PHP Fatal error:  Uncaught Error: Object of class WP_Error could not be converted to string in /opt/lampp/htdocs/advancetax/wp-content/themes/gourmet-artistry/template-parts/content.php:47
Stack trace:
#0 /opt/lampp/htdocs/advancetax/wp-includes/template.php(725): require()
#1 /opt/lampp/htdocs/advancetax/wp-includes/template.php(672): load_template('/opt/lampp/htdo...', false)
#2 /opt/lampp/htdocs/advancetax/wp-includes/general-template.php(168): locate_template(Array, true, false)
#3 /opt/lampp/htdocs/advancetax/wp-content/themes/gourmet-artistry/single-recipe.php(20): get_template_part('template-parts/...', '')
#4 /opt/lampp/htdocs/advancetax/wp-includes/template-loader.php(106): include('/opt/lampp/htdo...')
#5 /opt/lampp/htdocs/advancetax/wp-blog-header.php(19): require_once('/opt/lampp/htdo...')
#6 /opt/lampp/htdocs/advancetax/index.php(17): require('/opt/lampp/htdo...')
#7 {main}
  thrown in /opt/lampp/htdocs/advancetax/wp-content/themes/gourmet-artistry/template-parts/content.php on line 47
[12-Jun-2020 06:38:08 UTC] PHP Fatal error:  Uncaught Error: Object of class WP_Error could not be converted to string in /opt/lampp/htdocs/advancetax/wp-content/themes/gourmet-artistry/template-parts/content.php:47
Stack trace:
#0 /opt/lampp/htdocs/advancetax/wp-includes/template.php(725): require()
#1 /opt/lampp/htdocs/advancetax/wp-includes/template.php(672): load_template('/opt/lampp/htdo...', false)
#2 /opt/lampp/htdocs/advancetax/wp-includes/general-template.php(168): locate_template(Array, true, false)
#3 /opt/lampp/htdocs/advancetax/wp-content/themes/gourmet-artistry/single-recipe.php(20): get_template_part('template-parts/...', '')
#4 /opt/lampp/htdocs/advancetax/wp-includes/template-loader.php(106): include('/opt/lampp/htdo...')
#5 /opt/lampp/htdocs/advancetax/wp-blog-header.php(19): require_once('/opt/lampp/htdo...')
#6 /opt/lampp/htdocs/advancetax/index.php(17): require('/opt/lampp/htdo...')
#7 {main}
  thrown in /opt/lampp/htdocs/advancetax/wp-content/themes/gourmet-artistry/template-parts/content.php on line 47
[12-Jun-2020 06:38:33 UTC] PHP Fatal error:  Uncaught Error: Object of class WP_Error could not be converted to string in /opt/lampp/htdocs/advancetax/wp-content/themes/gourmet-artistry/template-parts/content.php:47
Stack trace:
#0 /opt/lampp/htdocs/advancetax/wp-includes/template.php(725): require()
#1 /opt/lampp/htdocs/advancetax/wp-includes/template.php(672): load_template('/opt/lampp/htdo...', false)
#2 /opt/lampp/htdocs/advancetax/wp-includes/general-template.php(168): locate_template(Array, true, false)
#3 /opt/lampp/htdocs/advancetax/wp-content/themes/gourmet-artistry/single-recipe.php(20): get_template_part('template-parts/...', '')
#4 /opt/lampp/htdocs/advancetax/wp-includes/template-loader.php(106): include('/opt/lampp/htdo...')
#5 /opt/lampp/htdocs/advancetax/wp-blog-header.php(19): require_once('/opt/lampp/htdo...')
#6 /opt/lampp/htdocs/advancetax/index.php(17): require('/opt/lampp/htdo...')
#7 {main}
  thrown in /opt/lampp/htdocs/advancetax/wp-content/themes/gourmet-artistry/template-parts/content.php on line 47
[12-Jun-2020 06:38:49 UTC] PHP Fatal error:  Uncaught Error: Object of class WP_Error could not be converted to string in /opt/lampp/htdocs/advancetax/wp-content/themes/gourmet-artistry/template-parts/content.php:47
Stack trace:
#0 /opt/lampp/htdocs/advancetax/wp-includes/template.php(725): require()
#1 /opt/lampp/htdocs/advancetax/wp-includes/template.php(672): load_template('/opt/lampp/htdo...', false)
#2 /opt/lampp/htdocs/advancetax/wp-includes/general-template.php(168): locate_template(Array, true, false)
#3 /opt/lampp/htdocs/advancetax/wp-content/themes/gourmet-artistry/single-recipe.php(20): get_template_part('template-parts/...', '')
#4 /opt/lampp/htdocs/advancetax/wp-includes/template-loader.php(106): include('/opt/lampp/htdo...')
#5 /opt/lampp/htdocs/advancetax/wp-blog-header.php(19): require_once('/opt/lampp/htdo...')
#6 /opt/lampp/htdocs/advancetax/index.php(17): require('/opt/lampp/htdo...')
#7 {main}
  thrown in /opt/lampp/htdocs/advancetax/wp-content/themes/gourmet-artistry/template-parts/content.php on line 47
[12-Jun-2020 06:44:54 UTC] PHP Fatal error:  Uncaught Error: Object of class WP_Error could not be converted to string in /opt/lampp/htdocs/advancetax/wp-content/themes/gourmet-artistry/template-parts/content.php:47
Stack trace:
#0 /opt/lampp/htdocs/advancetax/wp-includes/template.php(725): require()
#1 /opt/lampp/htdocs/advancetax/wp-includes/template.php(672): load_template('/opt/lampp/htdo...', false)
#2 /opt/lampp/htdocs/advancetax/wp-includes/general-template.php(168): locate_template(Array, true, false)
#3 /opt/lampp/htdocs/advancetax/wp-content/themes/gourmet-artistry/single-recipe.php(20): get_template_part('template-parts/...', '')
#4 /opt/lampp/htdocs/advancetax/wp-includes/template-loader.php(106): include('/opt/lampp/htdo...')
#5 /opt/lampp/htdocs/advancetax/wp-blog-header.php(19): require_once('/opt/lampp/htdo...')
#6 /opt/lampp/htdocs/advancetax/index.php(17): require('/opt/lampp/htdo...')
#7 {main}
  thrown in /opt/lampp/htdocs/advancetax/wp-content/themes/gourmet-artistry/template-parts/content.php on line 47
